Flow report for FreqRegulator
Tue Aug 18 01:23:49 2020
Quartus II 64-Bit Version 13.0.1 Build 232 06/12/2013 Service Pack 1 SJ Web Edition


---------------------
; Table of Contents ;
---------------------
  1. Legal Notice
  2. Flow Summary
  3. Flow Settings
  4. Flow Non-Default Global Settings
  5. Flow Elapsed Time
  6. Flow OS Summary
  7. Flow Log
  8. Flow Messages
  9. Flow Suppressed Messages



----------------
; Legal Notice ;
----------------
Copyright (C) 1991-2013 Altera Corporation
Your use of Altera Corporation's design tools, logic functions 
and other software and tools, and its AMPP partner logic 
functions, and any output files from any of the foregoing 
(including device programming or simulation files), and any 
associated documentation or information are expressly subject 
to the terms and conditions of the Altera Program License 
Subscription Agreement, Altera MegaCore Function License 
Agreement, or other applicable license agreement, including, 
without limitation, that your use is for the sole purpose of 
programming logic devices manufactured by Altera and sold by 
Altera or its authorized distributors.  Please refer to the 
applicable agreement for further details.



+--------------------------------------------------------------------------------------+
; Flow Summary                                                                         ;
+------------------------------------+-------------------------------------------------+
; Flow Status                        ; Successful - Tue Aug 18 01:23:49 2020           ;
; Quartus II 64-Bit Version          ; 13.0.1 Build 232 06/12/2013 SP 1 SJ Web Edition ;
; Revision Name                      ; FreqRegulator                                   ;
; Top-level Entity Name              ; FreqRegulator                                   ;
; Family                             ; Cyclone IV E                                    ;
; Device                             ; EP4CE6E22A7                                     ;
; Timing Models                      ; Final                                           ;
; Total logic elements               ; 115 / 6,272 ( 2 % )                             ;
;     Total combinational functions  ; 115 / 6,272 ( 2 % )                             ;
;     Dedicated logic registers      ; 28 / 6,272 ( < 1 % )                            ;
; Total registers                    ; 28                                              ;
; Total pins                         ; 32 / 92 ( 35 % )                                ;
; Total virtual pins                 ; 0                                               ;
; Total memory bits                  ; 0 / 276,480 ( 0 % )                             ;
; Embedded Multiplier 9-bit elements ; 0 / 30 ( 0 % )                                  ;
; Total PLLs                         ; 0 / 2 ( 0 % )                                   ;
+------------------------------------+-------------------------------------------------+


+-----------------------------------------+
; Flow Settings                           ;
+-------------------+---------------------+
; Option            ; Setting             ;
+-------------------+---------------------+
; Start date & time ; 08/18/2020 01:17:42 ;
; Main task         ; Compilation         ;
; Revision Name     ; FreqRegulator       ;
+-------------------+---------------------+


+----------------------------------------------------------------------------------------------------------------------------+
; Flow Non-Default Global Settings                                                                                           ;
+-------------------------------------+---------------------------------------+---------------+-------------+----------------+
; Assignment Name                     ; Value                                 ; Default Value ; Entity Name ; Section Id     ;
+-------------------------------------+---------------------------------------+---------------+-------------+----------------+
; COMPILER_SIGNATURE_ID               ; 5334164914991.159773866213008         ; --            ; --          ; --             ;
; EDA_OUTPUT_DATA_FORMAT              ; Verilog Hdl                           ; --            ; --          ; eda_simulation ;
; EDA_SIMULATION_TOOL                 ; ModelSim-Altera (Verilog)             ; <None>        ; --          ; --             ;
; MAX_CORE_JUNCTION_TEMP              ; 125                                   ; --            ; --          ; --             ;
; MIN_CORE_JUNCTION_TEMP              ; -40                                   ; --            ; --          ; --             ;
; NOMINAL_CORE_SUPPLY_VOLTAGE         ; 1.2V                                  ; --            ; --          ; --             ;
; PARTITION_COLOR                     ; 16764057                              ; --            ; --          ; Top            ;
; PARTITION_FITTER_PRESERVATION_LEVEL ; PLACEMENT_AND_ROUTING                 ; --            ; --          ; Top            ;
; PARTITION_NETLIST_TYPE              ; SOURCE                                ; --            ; --          ; Top            ;
; POWER_BOARD_THERMAL_MODEL           ; None (CONSERVATIVE)                   ; --            ; --          ; --             ;
; POWER_PRESET_COOLING_SOLUTION       ; 23 MM HEAT SINK WITH 200 LFPM AIRFLOW ; --            ; --          ; --             ;
; PROJECT_OUTPUT_DIRECTORY            ; output_files                          ; --            ; --          ; --             ;
+-------------------------------------+---------------------------------------+---------------+-------------+----------------+


+-------------------------------------------------------------------------------------------------------------------------------+
; Flow Elapsed Time                                                                                                             ;
+---------------------------+--------------+-------------------------+---------------------+------------------------------------+
; Module Name               ; Elapsed Time ; Average Processors Used ; Peak Virtual Memory ; Total CPU Time (on all processors) ;
+---------------------------+--------------+-------------------------+---------------------+------------------------------------+
; Analysis & Synthesis      ; 00:00:01     ; 1.0                     ; 4582 MB             ; 00:00:02                           ;
; Fitter                    ; 00:00:08     ; 1.0                     ; 4893 MB             ; 00:00:08                           ;
; Assembler                 ; 00:00:01     ; 1.0                     ; 4544 MB             ; 00:00:01                           ;
; TimeQuest Timing Analyzer ; 00:00:08     ; 1.0                     ; 4607 MB             ; 00:00:06                           ;
; EDA Netlist Writer        ; 00:00:02     ; 1.0                     ; 4511 MB             ; 00:00:02                           ;
; EDA Netlist Writer        ; 00:00:01     ; 1.0                     ; 4519 MB             ; 00:00:01                           ;
; EDA Netlist Writer        ; 00:00:01     ; 1.0                     ; 4519 MB             ; 00:00:01                           ;
; EDA Netlist Writer        ; 00:00:01     ; 1.0                     ; 4519 MB             ; 00:00:01                           ;
; Total                     ; 00:00:23     ; --                      ; --                  ; 00:00:22                           ;
+---------------------------+--------------+-------------------------+---------------------+------------------------------------+


+----------------------------------------------------------------------------------------+
; Flow OS Summary                                                                        ;
+---------------------------+------------------+-----------+------------+----------------+
; Module Name               ; Machine Hostname ; OS Name   ; OS Version ; Processor type ;
+---------------------------+------------------+-----------+------------+----------------+
; Analysis & Synthesis      ; Marzieh          ; Windows 7 ; 6.2        ; x86_64         ;
; Fitter                    ; Marzieh          ; Windows 7 ; 6.2        ; x86_64         ;
; Assembler                 ; Marzieh          ; Windows 7 ; 6.2        ; x86_64         ;
; TimeQuest Timing Analyzer ; Marzieh          ; Windows 7 ; 6.2        ; x86_64         ;
; EDA Netlist Writer        ; Marzieh          ; Windows 7 ; 6.2        ; x86_64         ;
; EDA Netlist Writer        ; Marzieh          ; Windows 7 ; 6.2        ; x86_64         ;
; EDA Netlist Writer        ; Marzieh          ; Windows 7 ; 6.2        ; x86_64         ;
; EDA Netlist Writer        ; Marzieh          ; Windows 7 ; 6.2        ; x86_64         ;
+---------------------------+------------------+-----------+------------+----------------+


------------
; Flow Log ;
------------
quartus_map --read_settings_files=on --write_settings_files=off FreqRegulator -c FreqRegulator
quartus_fit --read_settings_files=off --write_settings_files=off FreqRegulator -c FreqRegulator
quartus_asm --read_settings_files=off --write_settings_files=off FreqRegulator -c FreqRegulator
quartus_sta FreqRegulator -c FreqRegulator
quartus_eda --read_settings_files=off --write_settings_files=off FreqRegulator -c FreqRegulator
quartus_eda --gen_testbench --check_outputs=on --tool=modelsim_oem --format=verilog FreqRegulator -c FreqRegulator --vector_source=C:/Users/ASUS/Desktop/Presentation1/LAB2/FreqRegulator.vwf --testbench_file=./simulation/qsim/FreqRegulator.vt
quartus_eda --functional=on --simulation=on --tool=modelsim_oem --format=verilog FreqRegulator -c FreqRegulator
quartus_eda --gen_testbench --check_outputs=on --tool=modelsim_oem --format=verilog FreqRegulator -c FreqRegulator --vector_source=C:/Users/ASUS/Desktop/Presentation1/LAB2/FreqRegulator.vwf --testbench_file=C:/Users/ASUS/Desktop/Presentation1/LAB2/simulation/modelsim/FreqRegulator.vwf.vt



